<?xml version="1.0" encoding="UTF-8"?>
<!-- Generated by org.testng.reporters.JUnitReportReporter -->
<testsuite hostname="User-PC" name="NetworkCapture" tests="1" failures="0" timestamp="28 Jul 2017 04:47:19 GMT" time="0.008" errors="0">
  <testcase name="testCaseOne" time="0.008" classname="NetworkCapture"/>
</testsuite> <!-- NetworkCapture -->
