<?xml version="1.0" encoding="UTF-8"?>
<!-- Generated by org.testng.reporters.JUnitReportReporter -->
<testsuite hostname="User-PC" name="Datalicious" tests="1" failures="0" timestamp="28 Jul 2017 11:47:23 GMT" time="99.636" errors="0">
  <testcase name="clickonGoogle" time="99.636" classname="Datalicious"/>
</testsuite> <!-- Datalicious -->
